<?xml version="1.0" encoding="UTF-8"?>
<testng-results ignored="0" total="1" passed="1" failed="0" skipped="0">
  <reporter-output>
  </reporter-output>
  <suite started-at="2024-01-21T11:08:39 IST" name="Default suite" finished-at="2024-01-21T11:08:39 IST" duration-ms="34">
    <groups>
    </groups>
    <test started-at="2024-01-21T11:08:39 IST" name="Default test" finished-at="2024-01-21T11:08:39 IST" duration-ms="34">
      <class name="module1.GenerateRandomNumber">
        <test-method signature="GenerateRandomNumber()[pri:0, instance:module1.GenerateRandomNumber@5fbdfdcf]" started-at="2024-01-21T11:08:39 IST" name="GenerateRandomNumber" finished-at="2024-01-21T11:08:39 IST" duration-ms="6" status="PASS">
          <reporter-output>
          </reporter-output>
        </test-method> <!-- GenerateRandomNumber -->
      </class> <!-- module1.GenerateRandomNumber -->
    </test> <!-- Default test -->
  </suite> <!-- Default suite -->
</testng-results>
